cbm_hbi_hbi                                       29-Jan-2021 13:11:45
Running hierarchical bayesian inference (HBI)...

HBI has been initialized according to
	SU1al_CT.mat [for model 1]
	SU2al_CT.mat [for model 2]
	iDU1al_CT.mat [for model 3]
	iDU2al_CT.mat [for model 4]
	DU1al_CT.mat [for model 5]
	DU2al_CT.mat [for model 6]
 
Number of samples: 28
Number of models: 6
======================================================================
Iteration 01
Iteration 02
	model frequencies (percent)
	model 1: 15.1| model 2: 21.2| model 3: 21.4| model 4: 21.5| model 5: 0.1| model 6: 20.8| 
                                                           dL:   45.33
                                                           dm:   78.52
                                                           dx:    0.60
Iteration 03
	model frequencies (percent)
	model 1: 11.8| model 2: 22.1| model 3: 23.0| model 4: 21.7| model 5: 0.0| model 6: 21.4| 
                                                           dL:    6.56
                                                           dm:    1.60
                                                           dx:    0.64
Iteration 04
	model frequencies (percent)
	model 1: 8.1| model 2: 23.0| model 3: 23.3| model 4: 23.0| model 5: 0.0| model 6: 22.6| 
                                                           dL:    4.85
                                                           dm:    0.39
                                                           dx:    0.22
Iteration 05
	model frequencies (percent)
	model 1: 4.5| model 2: 23.5| model 3: 21.4| model 4: 25.2| model 5: 0.0| model 6: 25.5| 
                                                           dL:    4.80
                                                           dm:    2.91
                                                           dx:    0.15
Iteration 06
	model frequencies (percent)
	model 1: 1.5| model 2: 23.7| model 3: 16.7| model 4: 28.1| model 5: 0.0| model 6: 30.1| 
                                                           dL:    5.29
                                                           dm:    4.60
                                                           dx:    0.11
Iteration 07
	model frequencies (percent)
	model 1: 0.1| model 2: 23.4| model 3: 9.9| model 4: 31.2| model 5: 0.0| model 6: 35.3| 
                                                           dL:    6.64
                                                           dm:    5.26
                                                           dx:    0.33
Iteration 08
	model frequencies (percent)
	model 1: 0.0| model 2: 22.5| model 3: 3.5| model 4: 34.3| model 5: 0.0| model 6: 39.7| 
                                                           dL:    5.75
                                                           dm:    4.33
                                                           dx:    0.34
Iteration 09
	model frequencies (percent)
	model 1: 0.0| model 2: 21.0| model 3: 0.4| model 4: 36.9| model 5: 0.0| model 6: 41.6| 
                                                           dL:    5.44
                                                           dm:    1.96
                                                           dx:    0.23
Iteration 10
	model frequencies (percent)
	model 1: 0.0| model 2: 19.6| model 3: 0.0| model 4: 38.1| model 5: 0.0| model 6: 42.2| 
                                                           dL:    2.18
                                                           dm:    0.61
                                                           dx:    0.31
Iteration 11
	model frequencies (percent)
	model 1: 0.0| model 2: 18.5| model 3: 0.0| model 4: 38.9| model 5: 0.0| model 6: 42.6| 
                                                           dL:    0.48
                                                           dm:    0.32
                                                           dx:    0.08
Iteration 12
	model frequencies (percent)
	model 1: 0.0| model 2: 17.7| model 3: 0.0| model 4: 39.4| model 5: 0.0| model 6: 42.8| 
                                                           dL:    0.35
                                                           dm:    0.22
                                                           dx:    0.04
Iteration 13
	model frequencies (percent)
	model 1: 0.0| model 2: 17.1| model 3: 0.0| model 4: 39.9| model 5: 0.0| model 6: 42.9| 
                                                           dL:    0.24
                                                           dm:    0.16
                                                           dx:    0.03
Iteration 14
	model frequencies (percent)
	model 1: 0.0| model 2: 16.7| model 3: 0.0| model 4: 40.2| model 5: 0.0| model 6: 43.1| 
                                                           dL:    0.17
                                                           dm:    0.12
                                                           dx:    0.03
Iteration 15
	model frequencies (percent)
	model 1: 0.0| model 2: 16.4| model 3: 0.0| model 4: 40.4| model 5: 0.0| model 6: 43.1| 
                                                           dL:    0.12
                                                           dm:    0.09
                                                           dx:    0.02
Iteration 16
	model frequencies (percent)
	model 1: 0.0| model 2: 16.2| model 3: 0.0| model 4: 40.6| model 5: 0.0| model 6: 43.2| 
                                                           dL:    0.08
                                                           dm:    0.07
                                                           dx:    0.02
Iteration 17
	model frequencies (percent)
	model 1: 0.0| model 2: 16.0| model 3: 0.0| model 4: 40.7| model 5: 0.0| model 6: 43.3| 
                                                           dL:    0.06
                                                           dm:    0.06
                                                           dx:    0.02
Iteration 18
	model frequencies (percent)
	model 1: 0.0| model 2: 15.9| model 3: 0.0| model 4: 40.8| model 5: 0.0| model 6: 43.3| 
                                                           dL:    0.05
                                                           dm:    0.04
                                                           dx:    0.02
Iteration 19
	model frequencies (percent)
	model 1: 0.0| model 2: 15.8| model 3: 0.0| model 4: 40.8| model 5: 0.0| model 6: 43.3| 
                                                           dL:    0.03
                                                           dm:    0.03
                                                           dx:    0.02
Iteration 20
	model frequencies (percent)
	model 1: 0.0| model 2: 15.7| model 3: 0.0| model 4: 40.8| model 5: 0.0| model 6: 43.4| 
                                                           dL:    0.03
                                                           dm:    0.03
                                                           dx:    0.01
Iteration 21
	model frequencies (percent)
	model 1: 0.0| model 2: 15.7| model 3: 0.0| model 4: 40.8| model 5: 0.0| model 6: 43.4| 
                                                           dL:    0.03
                                                           dm:    0.03
                                                           dx:    0.01
Iteration 22
	model frequencies (percent)
	model 1: 0.0| model 2: 15.8| model 3: 0.0| model 4: 40.7| model 5: 0.0| model 6: 43.4| 
                                                           dL:    0.02
                                                           dm:    0.03
                                                           dx:    0.01
Iteration 23
	model frequencies (percent)
	model 1: 0.0| model 2: 15.8| model 3: 0.0| model 4: 40.6| model 5: 0.0| model 6: 43.5| 
                                                           dL:    0.03
                                                           dm:    0.02
                                                           dx:    0.01
Iteration 24
	model frequencies (percent)
	model 1: 0.0| model 2: 16.0| model 3: 0.0| model 4: 40.5| model 5: 0.0| model 6: 43.5| 
                                                           dL:    0.03
                                                           dm:    0.02
                                                           dx:    0.01
Iteration 25
	model frequencies (percent)
	model 1: 0.0| model 2: 16.2| model 3: 0.0| model 4: 40.3| model 5: 0.0| model 6: 43.5| 
                                                           dL:    0.04
                                                           dm:    0.02
                                                           dx:    0.01
Iteration 26
	model frequencies (percent)
	model 1: 0.0| model 2: 16.5| model 3: 0.0| model 4: 40.0| model 5: 0.0| model 6: 43.5| 
                                                           dL:    0.06
                                                           dm:    0.02
                                                           dx:    0.02
Iteration 27
	model frequencies (percent)
	model 1: 0.0| model 2: 16.8| model 3: 0.0| model 4: 39.6| model 5: 0.0| model 6: 43.5| 
                                                           dL:    0.09
                                                           dm:    0.01
                                                           dx:    0.02
Iteration 28
	model frequencies (percent)
	model 1: 0.0| model 2: 17.2| model 3: 0.0| model 4: 39.2| model 5: 0.0| model 6: 43.5| 
                                                           dL:    0.12
                                                           dm:    0.01
                                                           dx:    0.02
Iteration 29
	model frequencies (percent)
	model 1: 0.0| model 2: 17.6| model 3: 0.0| model 4: 38.8| model 5: 0.0| model 6: 43.6| 
                                                           dL:    0.15
                                                           dm:    0.02
                                                           dx:    0.02
Iteration 30
	model frequencies (percent)
	model 1: 0.0| model 2: 17.9| model 3: 0.0| model 4: 38.4| model 5: 0.0| model 6: 43.6| 
                                                           dL:    0.16
                                                           dm:    0.03
                                                           dx:    0.02
Iteration 31
	model frequencies (percent)
	model 1: 0.0| model 2: 18.2| model 3: 0.0| model 4: 38.2| model 5: 0.0| model 6: 43.6| 
                                                           dL:    0.14
                                                           dm:    0.04
                                                           dx:    0.01
Iteration 32
	model frequencies (percent)
	model 1: 0.0| model 2: 18.3| model 3: 0.0| model 4: 38.0| model 5: 0.0| model 6: 43.7| 
                                                           dL:    0.12
                                                           dm:    0.04
                                                           dx:    0.01
Iteration 33
	model frequencies (percent)
	model 1: 0.0| model 2: 18.4| model 3: 0.0| model 4: 37.8| model 5: 0.0| model 6: 43.7| 
                                                           dL:    0.10
                                                           dm:    0.04
                                                           dx:    0.01
                                                          Converged :]
