cbm_hbi_hbi                                       21-Jun-2021 15:52:59
Running hierarchical bayesian inference (HBI)- null mode...

HBI has been initialized according to
	SU1al_CT.mat [for model 1]
	SU2al_CT.mat [for model 2]
	iDU1al_CT.mat [for model 3]
	iDU2al_CT.mat [for model 4]
	DU1al_CT.mat [for model 5]
	DU2al_CT.mat [for model 6]
	PH_CT.mat [for model 7]
	nullmodel_nobeta.mat [for model 8]
 
Number of samples: 28
Number of models: 8
======================================================================
Iteration 01
Iteration 02
                                                           dL:   40.55
                                                           dx:    0.30
Iteration 03
                                                           dL:    2.87
                                                           dx:    0.13
Iteration 04
                                                           dL:    1.95
                                                           dx:    0.11
Iteration 05
                                                           dL:    0.60
                                                           dx:    0.09
Iteration 06
                                                           dL:    0.39
                                                           dx:    0.03
Iteration 07
                                                           dL:    0.35
                                                           dx:    0.02
Iteration 08
                                                           dL:    0.16
                                                           dx:    0.02
Iteration 09
                                                           dL:    0.15
                                                           dx:    0.02
Iteration 10
                                                           dL:    0.11
                                                           dx:    0.01
Iteration 11
                                                           dL:    0.08
                                                           dx:    0.01
Iteration 12
                                                           dL:    0.06
                                                           dx:    0.01
                                                          Converged :]
