cbm_hbi_hbi                                       29-Jan-2021 13:05:54
Running hierarchical bayesian inference (HBI)...

HBI has been initialized according to
	SU1al_CT.mat [for model 1]
	SU2al_CT.mat [for model 2]
	iDU1al_CT.mat [for model 3]
	iDU2al_CT.mat [for model 4]
	DU1al_CT.mat [for model 5]
	DU2al_CT.mat [for model 6]
	PH_CT.mat [for model 7]
	nullmodel_nobeta.mat [for model 8]
 
Number of samples: 28
Number of models: 8
======================================================================
Iteration 01
Iteration 02
	model frequencies (percent)
	model 1: 14.4| model 2: 20.3| model 3: 20.1| model 4: 19.9| model 5: 0.1| model 6: 19.4| model 7: 5.7| model 8: 0.1| 
                                                           dL:   67.99
                                                           dm:   79.70
                                                           dx:    0.63
Iteration 03
	model frequencies (percent)
	model 1: 11.9| model 2: 22.6| model 3: 22.4| model 4: 20.8| model 5: 0.0| model 6: 21.2| model 7: 1.1| model 8: 0.0| 
                                                           dL:   12.61
                                                           dm:    2.26
                                                           dx:    0.66
Iteration 04
	model frequencies (percent)
	model 1: 8.3| model 2: 23.8| model 3: 22.5| model 4: 22.3| model 5: 0.0| model 6: 23.0| model 7: 0.0| model 8: 0.0| 
                                                           dL:   11.53
                                                           dm:    1.27
                                                           dx:    0.51
Iteration 05
	model frequencies (percent)
	model 1: 4.8| model 2: 24.3| model 3: 20.0| model 4: 24.6| model 5: 0.0| model 6: 26.3| model 7: 0.0| model 8: 0.0| 
                                                           dL:    4.76
                                                           dm:    3.37
                                                           dx:    0.45
Iteration 06
	model frequencies (percent)
	model 1: 1.9| model 2: 24.5| model 3: 14.8| model 4: 27.7| model 5: 0.0| model 6: 31.1| model 7: 0.0| model 8: 0.0| 
                                                           dL:    5.32
                                                           dm:    4.82
                                                           dx:    0.10
Iteration 07
	model frequencies (percent)
	model 1: 0.2| model 2: 24.2| model 3: 7.9| model 4: 31.3| model 5: 0.0| model 6: 36.3| model 7: 0.0| model 8: 0.0| 
                                                           dL:    6.97
                                                           dm:    5.19
                                                           dx:    0.26
Iteration 08
	model frequencies (percent)
	model 1: 0.0| model 2: 23.0| model 3: 2.2| model 4: 34.5| model 5: 0.0| model 6: 40.3| model 7: 0.0| model 8: 0.0| 
                                                           dL:    6.53
                                                           dm:    4.00
                                                           dx:    0.38
Iteration 09
	model frequencies (percent)
	model 1: 0.0| model 2: 21.2| model 3: 0.2| model 4: 36.6| model 5: 0.0| model 6: 41.9| model 7: 0.0| model 8: 0.0| 
                                                           dL:    5.06
                                                           dm:    1.61
                                                           dx:    0.23
Iteration 10
	model frequencies (percent)
	model 1: 0.0| model 2: 19.8| model 3: 0.0| model 4: 37.7| model 5: 0.0| model 6: 42.4| model 7: 0.0| model 8: 0.0| 
                                                           dL:    1.07
                                                           dm:    0.48
                                                           dx:    0.23
Iteration 11
	model frequencies (percent)
	model 1: 0.0| model 2: 18.7| model 3: 0.0| model 4: 38.6| model 5: 0.0| model 6: 42.7| model 7: 0.0| model 8: 0.0| 
                                                           dL:    0.46
                                                           dm:    0.27
                                                           dx:    0.04
Iteration 12
	model frequencies (percent)
	model 1: 0.0| model 2: 17.9| model 3: 0.0| model 4: 39.2| model 5: 0.0| model 6: 42.9| model 7: 0.0| model 8: 0.0| 
                                                           dL:    0.33
                                                           dm:    0.19
                                                           dx:    0.03
Iteration 13
	model frequencies (percent)
	model 1: 0.0| model 2: 17.3| model 3: 0.0| model 4: 39.6| model 5: 0.0| model 6: 43.0| model 7: 0.0| model 8: 0.0| 
                                                           dL:    0.23
                                                           dm:    0.14
                                                           dx:    0.03
Iteration 14
	model frequencies (percent)
	model 1: 0.0| model 2: 16.9| model 3: 0.0| model 4: 39.9| model 5: 0.0| model 6: 43.1| model 7: 0.0| model 8: 0.0| 
                                                           dL:    0.16
                                                           dm:    0.11
                                                           dx:    0.02
Iteration 15
	model frequencies (percent)
	model 1: 0.0| model 2: 16.6| model 3: 0.0| model 4: 40.1| model 5: 0.0| model 6: 43.2| model 7: 0.0| model 8: 0.0| 
                                                           dL:    0.11
                                                           dm:    0.08
                                                           dx:    0.02
Iteration 16
	model frequencies (percent)
	model 1: 0.0| model 2: 16.4| model 3: 0.0| model 4: 40.3| model 5: 0.0| model 6: 43.3| model 7: 0.0| model 8: 0.0| 
                                                           dL:    0.08
                                                           dm:    0.07
                                                           dx:    0.02
Iteration 17
	model frequencies (percent)
	model 1: 0.0| model 2: 16.2| model 3: 0.0| model 4: 40.4| model 5: 0.0| model 6: 43.3| model 7: 0.0| model 8: 0.0| 
                                                           dL:    0.06
                                                           dm:    0.05
                                                           dx:    0.02
Iteration 18
	model frequencies (percent)
	model 1: 0.0| model 2: 16.1| model 3: 0.0| model 4: 40.5| model 5: 0.0| model 6: 43.3| model 7: 0.0| model 8: 0.0| 
                                                           dL:    0.04
                                                           dm:    0.04
                                                           dx:    0.02
Iteration 19
	model frequencies (percent)
	model 1: 0.0| model 2: 16.0| model 3: 0.0| model 4: 40.6| model 5: 0.0| model 6: 43.4| model 7: 0.0| model 8: 0.0| 
                                                           dL:    0.03
                                                           dm:    0.03
                                                           dx:    0.01
Iteration 20
	model frequencies (percent)
	model 1: 0.0| model 2: 16.0| model 3: 0.0| model 4: 40.6| model 5: 0.0| model 6: 43.4| model 7: 0.0| model 8: 0.0| 
                                                           dL:    0.03
                                                           dm:    0.04
                                                           dx:    0.01
Iteration 21
	model frequencies (percent)
	model 1: 0.0| model 2: 16.0| model 3: 0.0| model 4: 40.5| model 5: 0.0| model 6: 43.4| model 7: 0.0| model 8: 0.0| 
                                                           dL:    0.03
                                                           dm:    0.03
                                                           dx:    0.01
Iteration 22
	model frequencies (percent)
	model 1: 0.0| model 2: 16.0| model 3: 0.0| model 4: 40.4| model 5: 0.0| model 6: 43.5| model 7: 0.0| model 8: 0.0| 
                                                           dL:    0.03
                                                           dm:    0.03
                                                           dx:    0.01
Iteration 23
	model frequencies (percent)
	model 1: 0.0| model 2: 16.1| model 3: 0.0| model 4: 40.3| model 5: 0.0| model 6: 43.5| model 7: 0.0| model 8: 0.0| 
                                                           dL:    0.03
                                                           dm:    0.02
                                                           dx:    0.01
Iteration 24
	model frequencies (percent)
	model 1: 0.0| model 2: 16.3| model 3: 0.0| model 4: 40.1| model 5: 0.0| model 6: 43.5| model 7: 0.0| model 8: 0.0| 
                                                           dL:    0.04
                                                           dm:    0.02
                                                           dx:    0.01
Iteration 25
	model frequencies (percent)
	model 1: 0.0| model 2: 16.6| model 3: 0.0| model 4: 39.8| model 5: 0.0| model 6: 43.5| model 7: 0.0| model 8: 0.0| 
                                                           dL:    0.06
                                                           dm:    0.02
                                                           dx:    0.01
Iteration 26
	model frequencies (percent)
	model 1: 0.0| model 2: 16.9| model 3: 0.0| model 4: 39.5| model 5: 0.0| model 6: 43.5| model 7: 0.0| model 8: 0.0| 
                                                           dL:    0.09
                                                           dm:    0.02
                                                           dx:    0.02
Iteration 27
	model frequencies (percent)
	model 1: 0.0| model 2: 17.3| model 3: 0.0| model 4: 39.1| model 5: 0.0| model 6: 43.6| model 7: 0.0| model 8: 0.0| 
                                                           dL:    0.12
                                                           dm:    0.01
                                                           dx:    0.02
Iteration 28
	model frequencies (percent)
	model 1: 0.0| model 2: 17.7| model 3: 0.0| model 4: 38.7| model 5: 0.0| model 6: 43.6| model 7: 0.0| model 8: 0.0| 
                                                           dL:    0.15
                                                           dm:    0.02
                                                           dx:    0.02
Iteration 29
	model frequencies (percent)
	model 1: 0.0| model 2: 18.0| model 3: 0.0| model 4: 38.3| model 5: 0.0| model 6: 43.6| model 7: 0.0| model 8: 0.0| 
                                                           dL:    0.16
                                                           dm:    0.03
                                                           dx:    0.02
Iteration 30
	model frequencies (percent)
	model 1: 0.0| model 2: 18.2| model 3: 0.0| model 4: 38.1| model 5: 0.0| model 6: 43.6| model 7: 0.0| model 8: 0.0| 
                                                           dL:    0.15
                                                           dm:    0.04
                                                           dx:    0.01
Iteration 31
	model frequencies (percent)
	model 1: 0.0| model 2: 18.4| model 3: 0.0| model 4: 37.9| model 5: 0.0| model 6: 43.7| model 7: 0.0| model 8: 0.0| 
                                                           dL:    0.13
                                                           dm:    0.04
                                                           dx:    0.01
Iteration 32
	model frequencies (percent)
	model 1: 0.0| model 2: 18.5| model 3: 0.0| model 4: 37.7| model 5: 0.0| model 6: 43.7| model 7: 0.0| model 8: 0.0| 
                                                           dL:    0.10
                                                           dm:    0.04
                                                           dx:    0.01
                                                          Converged :]
