cbm_hbi_hbi                                       28-Jan-2021 22:27:17
Running hierarchical bayesian inference (HBI)...

HBI has been initialized according to
	iDU1al_bothcond_NoScaling.mat [for model 1]
	iDU1al_bothcond_scaling_onlybetas.mat [for model 2]
	iDU1al_bothcond_scaling_onlylearning.mat [for model 3]
	iDU1al_bothcond_scaling_allparams.mat [for model 4]
 
Number of samples: 28
Number of models: 4
======================================================================
Iteration 01
Iteration 02
	model frequencies (percent)
	model 1: 32.6| model 2: 28.5| model 3: 22.3| model 4: 16.7| 
                                                           dL:   32.07
                                                           dm:   67.38
                                                           dx:    0.32
Iteration 03
	model frequencies (percent)
	model 1: 38.6| model 2: 32.0| model 3: 19.7| model 4: 9.8| 
                                                           dL:   10.27
                                                           dm:    5.98
                                                           dx:    0.29
Iteration 04
	model frequencies (percent)
	model 1: 40.4| model 2: 32.9| model 3: 16.0| model 4: 10.7| 
                                                           dL:    5.86
                                                           dm:    1.81
                                                           dx:    0.29
Iteration 05
	model frequencies (percent)
	model 1: 40.9| model 2: 34.0| model 3: 11.6| model 4: 13.4| 
                                                           dL:    4.65
                                                           dm:    0.47
                                                           dx:    0.23
Iteration 06
	model frequencies (percent)
	model 1: 41.2| model 2: 36.4| model 3: 7.5| model 4: 14.9| 
                                                           dL:    4.03
                                                           dm:    0.28
                                                           dx:    0.20
Iteration 07
	model frequencies (percent)
	model 1: 41.2| model 2: 38.9| model 3: 4.5| model 4: 15.4| 
                                                           dL:    3.41
                                                           dm:    0.09
                                                           dx:    0.38
Iteration 08
	model frequencies (percent)
	model 1: 40.2| model 2: 40.7| model 3: 3.4| model 4: 15.7| 
                                                           dL:    2.12
                                                           dm:    1.84
                                                           dx:    0.87
Iteration 09
	model frequencies (percent)
	model 1: 39.0| model 2: 42.2| model 3: 3.2| model 4: 15.5| 
                                                           dL:    1.44
                                                           dm:    1.49
                                                           dx:    0.51
Iteration 10
	model frequencies (percent)
	model 1: 37.9| model 2: 43.6| model 3: 3.2| model 4: 15.3| 
                                                           dL:    1.33
                                                           dm:    1.43
                                                           dx:    0.07
Iteration 11
	model frequencies (percent)
	model 1: 36.6| model 2: 45.2| model 3: 3.0| model 4: 15.2| 
                                                           dL:    1.49
                                                           dm:    1.60
                                                           dx:    0.06
Iteration 12
	model frequencies (percent)
	model 1: 35.6| model 2: 47.0| model 3: 2.3| model 4: 15.1| 
                                                           dL:    1.81
                                                           dm:    1.79
                                                           dx:    0.08
Iteration 13
	model frequencies (percent)
	model 1: 35.2| model 2: 49.0| model 3: 0.8| model 4: 15.0| 
                                                           dL:    3.40
                                                           dm:    2.01
                                                           dx:    0.25
Iteration 14
	model frequencies (percent)
	model 1: 35.0| model 2: 50.0| model 3: 0.0| model 4: 14.9| 
                                                           dL:    4.95
                                                           dm:    0.99
                                                           dx:    1.90
Iteration 15
	model frequencies (percent)
	model 1: 35.1| model 2: 50.1| model 3: 0.0| model 4: 14.9| 
                                                           dL:    0.18
                                                           dm:    0.05
                                                           dx:    0.29
Iteration 16
	model frequencies (percent)
	model 1: 35.1| model 2: 50.1| model 3: 0.0| model 4: 14.8| 
                                                           dL:    0.11
                                                           dm:    0.01
                                                           dx:    0.02
Iteration 17
	model frequencies (percent)
	model 1: 35.1| model 2: 50.0| model 3: 0.0| model 4: 14.8| 
                                                           dL:    0.08
                                                           dm:    0.02
                                                           dx:    0.01
                                                          Converged :]
