cbm_hbi_hbi                                       02-Nov-2020 16:51:58
Running hierarchical bayesian inference (HBI)...

HBI has been initialized according to
	iDU2al_bothcond_scaling_allparams.mat [for model 1]
	iDU2al_bothcond_diff_allparams.mat [for model 2]
 
Number of samples: 28
Number of models: 2
======================================================================
Iteration 01
Iteration 02
	model frequencies (percent)
	model 1: 45.6| model 2: 54.4| 
                                                           dL:   27.76
                                                           dm:   45.57
                                                           dx:    0.36
Iteration 03
	model frequencies (percent)
	model 1: 44.1| model 2: 55.9| 
                                                           dL:    8.17
                                                           dm:    1.43
                                                           dx:    0.20
Iteration 04
	model frequencies (percent)
	model 1: 47.1| model 2: 52.9| 
                                                           dL:    4.71
                                                           dm:    2.95
                                                           dx:    0.15
Iteration 05
	model frequencies (percent)
	model 1: 52.3| model 2: 47.7| 
                                                           dL:    3.97
                                                           dm:    5.24
                                                           dx:    0.12
Iteration 06
	model frequencies (percent)
	model 1: 58.5| model 2: 41.5| 
                                                           dL:    3.23
                                                           dm:    6.21
                                                           dx:    0.11
Iteration 07
	model frequencies (percent)
	model 1: 64.5| model 2: 35.5| 
                                                           dL:    2.75
                                                           dm:    5.93
                                                           dx:    0.11
Iteration 08
	model frequencies (percent)
	model 1: 70.7| model 2: 29.3| 
                                                           dL:    2.36
                                                           dm:    6.21
                                                           dx:    0.09
Iteration 09
	model frequencies (percent)
	model 1: 76.9| model 2: 23.1| 
                                                           dL:    2.38
                                                           dm:    6.22
                                                           dx:    0.08
Iteration 10
	model frequencies (percent)
	model 1: 83.6| model 2: 16.4| 
                                                           dL:    3.22
                                                           dm:    6.74
                                                           dx:    0.11
Iteration 11
	model frequencies (percent)
	model 1: 91.1| model 2: 8.9| 
                                                           dL:    6.12
                                                           dm:    7.48
                                                           dx:    0.23
Iteration 12
	model frequencies (percent)
	model 1: 97.4| model 2: 2.6| 
                                                           dL:   10.68
                                                           dm:    6.32
                                                           dx:    0.62
Iteration 13
	model frequencies (percent)
	model 1: 100.0| model 2: 0.0| 
                                                           dL:   17.38
                                                           dm:    2.57
                                                           dx:    0.69
Iteration 14
	model frequencies (percent)
	model 1: 100.0| model 2: 0.0| 
                                                           dL:    0.69
                                                           dm:    0.01
                                                           dx:    1.66
Iteration 15
	model frequencies (percent)
	model 1: 100.0| model 2: 0.0| 
                                                           dL:    0.20
                                                           dm:    0.00
                                                           dx:    0.03
Iteration 16
	model frequencies (percent)
	model 1: 100.0| model 2: 0.0| 
                                                           dL:    0.06
                                                           dm:    0.00
                                                           dx:    0.02
Iteration 17
	model frequencies (percent)
	model 1: 100.0| model 2: 0.0| 
                                                           dL:    0.32
                                                           dm:    0.00
                                                           dx:    0.01
Iteration 18
	model frequencies (percent)
	model 1: 100.0| model 2: 0.0| 
                                                           dL:    0.28
                                                           dm:    0.00
                                                           dx:    0.01
Iteration 19
	model frequencies (percent)
	model 1: 100.0| model 2: 0.0| 
                                                           dL:    0.23
                                                           dm:    0.00
                                                           dx:    0.01
Iteration 20
	model frequencies (percent)
	model 1: 100.0| model 2: 0.0| 
                                                           dL:    0.19
                                                           dm:    0.00
                                                           dx:    0.01
Iteration 21
	model frequencies (percent)
	model 1: 100.0| model 2: 0.0| 
                                                           dL:    0.16
                                                           dm:    0.00
                                                           dx:    0.01
                                                          Converged :]
