cbm_hbi_hbi                                       20-Nov-2020 13:15:36
Running hierarchical bayesian inference (HBI)...

HBI has been initialized according to
	iDU2al_bothcond_NoScaling.mat [for model 1]
	iDU2al_bothcond_scaling_onlybetas.mat [for model 2]
	iDU2al_bothcond_scaling_onlylearning.mat [for model 3]
	iDU2al_bothcond_scaling_allparams.mat [for model 4]
 
Number of samples: 28
Number of models: 4
======================================================================
Iteration 01
Iteration 02
	model frequencies (percent)
	model 1: 38.1| model 2: 25.1| model 3: 23.7| model 4: 13.1| 
                                                           dL:   44.83
                                                           dm:   61.91
                                                           dx:    0.42
Iteration 03
	model frequencies (percent)
	model 1: 47.0| model 2: 23.1| model 3: 23.5| model 4: 6.4| 
                                                           dL:   11.01
                                                           dm:    8.91
                                                           dx:    0.44
Iteration 04
	model frequencies (percent)
	model 1: 50.8| model 2: 19.5| model 3: 25.6| model 4: 4.1| 
                                                           dL:    6.91
                                                           dm:    3.78
                                                           dx:    0.84
Iteration 05
	model frequencies (percent)
	model 1: 53.3| model 2: 16.3| model 3: 26.8| model 4: 3.6| 
                                                           dL:    3.63
                                                           dm:    2.54
                                                           dx:    1.12
Iteration 06
	model frequencies (percent)
	model 1: 56.4| model 2: 13.6| model 3: 26.6| model 4: 3.4| 
                                                           dL:    2.80
                                                           dm:    3.09
                                                           dx:    0.38
Iteration 07
	model frequencies (percent)
	model 1: 59.8| model 2: 10.8| model 3: 26.4| model 4: 3.1| 
                                                           dL:    2.82
                                                           dm:    3.35
                                                           dx:    0.19
Iteration 08
	model frequencies (percent)
	model 1: 62.9| model 2: 8.1| model 3: 27.2| model 4: 1.8| 
                                                           dL:    5.77
                                                           dm:    3.10
                                                           dx:    0.23
Iteration 09
	model frequencies (percent)
	model 1: 65.3| model 2: 5.7| model 3: 29.0| model 4: 0.0| 
                                                           dL:   15.81
                                                           dm:    2.40
                                                           dx:    1.44
Iteration 10
	model frequencies (percent)
	model 1: 67.8| model 2: 2.9| model 3: 29.3| model 4: 0.0| 
                                                           dL:    4.22
                                                           dm:    2.53
                                                           dx:    1.59
Iteration 11
	model frequencies (percent)
	model 1: 70.7| model 2: 0.2| model 3: 29.1| model 4: 0.0| 
                                                           dL:    6.64
                                                           dm:    2.95
                                                           dx:    0.32
Iteration 12
	model frequencies (percent)
	model 1: 71.5| model 2: 0.0| model 3: 28.5| model 4: 0.0| 
                                                           dL:    2.75
                                                           dm:    0.73
                                                           dx:    1.38
Iteration 13
	model frequencies (percent)
	model 1: 71.8| model 2: 0.0| model 3: 28.2| model 4: 0.0| 
                                                           dL:    0.13
                                                           dm:    0.30
                                                           dx:    0.13
Iteration 14
	model frequencies (percent)
	model 1: 71.9| model 2: 0.0| model 3: 28.1| model 4: 0.0| 
                                                           dL:    0.13
                                                           dm:    0.14
                                                           dx:    0.01
Iteration 15
	model frequencies (percent)
	model 1: 72.0| model 2: 0.0| model 3: 28.0| model 4: 0.0| 
                                                           dL:    0.12
                                                           dm:    0.06
                                                           dx:    0.01
                                                          Converged :]
