cbm_hbi_hbi                                       15-Feb-2021 15:39:47
Running hierarchical bayesian inference (HBI)...

HBI has been initialized according to
	DU2al_bothcond_NoScaling.mat [for model 1]
	DU2al_bothcond_scaling_onlybetas.mat [for model 2]
	DU2al_bothcond_scaling_onlylearning.mat [for model 3]
	DU2al_bothcond_scaling_allparams.mat [for model 4]
 
Number of samples: 28
Number of models: 4
======================================================================
Iteration 01
Iteration 02
	model frequencies (percent)
	model 1: 33.1| model 2: 26.6| model 3: 24.8| model 4: 15.5| 
                                                           dL:   36.09
                                                           dm:   66.95
                                                           dx:    0.39
Iteration 03
	model frequencies (percent)
	model 1: 40.6| model 2: 30.5| model 3: 20.4| model 4: 8.5| 
                                                           dL:   10.65
                                                           dm:    7.53
                                                           dx:    0.32
Iteration 04
	model frequencies (percent)
	model 1: 41.8| model 2: 34.7| model 3: 17.0| model 4: 6.5| 
                                                           dL:    8.13
                                                           dm:    1.21
                                                           dx:    0.34
Iteration 05
	model frequencies (percent)
	model 1: 39.3| model 2: 38.9| model 3: 16.5| model 4: 5.3| 
                                                           dL:    7.33
                                                           dm:    2.49
                                                           dx:    0.31
Iteration 06
	model frequencies (percent)
	model 1: 36.5| model 2: 43.3| model 3: 17.0| model 4: 3.1| 
                                                           dL:    6.65
                                                           dm:    4.42
                                                           dx:    0.43
Iteration 07
	model frequencies (percent)
	model 1: 34.8| model 2: 48.1| model 3: 16.2| model 4: 0.9| 
                                                           dL:    8.57
                                                           dm:    4.81
                                                           dx:    0.39
Iteration 08
	model frequencies (percent)
	model 1: 33.4| model 2: 51.2| model 3: 15.4| model 4: 0.0| 
                                                           dL:    8.79
                                                           dm:    3.07
                                                           dx:    0.99
Iteration 09
	model frequencies (percent)
	model 1: 32.4| model 2: 52.6| model 3: 14.9| model 4: 0.0| 
                                                           dL:    1.21
                                                           dm:    1.42
                                                           dx:    0.35
Iteration 10
	model frequencies (percent)
	model 1: 31.7| model 2: 53.4| model 3: 14.9| model 4: 0.0| 
                                                           dL:    0.73
                                                           dm:    0.74
                                                           dx:    0.07
Iteration 11
	model frequencies (percent)
	model 1: 31.1| model 2: 53.9| model 3: 15.0| model 4: 0.0| 
                                                           dL:    0.51
                                                           dm:    0.49
                                                           dx:    0.05
Iteration 12
	model frequencies (percent)
	model 1: 30.8| model 2: 54.2| model 3: 15.0| model 4: 0.0| 
                                                           dL:    0.42
                                                           dm:    0.37
                                                           dx:    0.03
Iteration 13
	model frequencies (percent)
	model 1: 30.5| model 2: 54.5| model 3: 15.0| model 4: 0.0| 
                                                           dL:    0.36
                                                           dm:    0.28
                                                           dx:    0.03
Iteration 14
	model frequencies (percent)
	model 1: 30.3| model 2: 54.7| model 3: 14.9| model 4: 0.0| 
                                                           dL:    0.31
                                                           dm:    0.22
                                                           dx:    0.02
Iteration 15
	model frequencies (percent)
	model 1: 30.1| model 2: 54.9| model 3: 14.9| model 4: 0.0| 
                                                           dL:    0.27
                                                           dm:    0.18
                                                           dx:    0.02
Iteration 16
	model frequencies (percent)
	model 1: 30.0| model 2: 55.1| model 3: 14.9| model 4: 0.0| 
                                                           dL:    0.24
                                                           dm:    0.14
                                                           dx:    0.02
Iteration 17
	model frequencies (percent)
	model 1: 29.9| model 2: 55.2| model 3: 14.9| model 4: 0.0| 
                                                           dL:    0.21
                                                           dm:    0.11
                                                           dx:    0.01
Iteration 18
	model frequencies (percent)
	model 1: 29.8| model 2: 55.3| model 3: 14.9| model 4: 0.0| 
                                                           dL:    0.18
                                                           dm:    0.09
                                                           dx:    0.01
Iteration 19
	model frequencies (percent)
	model 1: 29.7| model 2: 55.3| model 3: 14.9| model 4: 0.0| 
                                                           dL:    0.15
                                                           dm:    0.07
                                                           dx:    0.01
Iteration 20
	model frequencies (percent)
	model 1: 29.7| model 2: 55.4| model 3: 14.9| model 4: 0.0| 
                                                           dL:    0.13
                                                           dm:    0.05
                                                           dx:    0.01
Iteration 21
	model frequencies (percent)
	model 1: 29.7| model 2: 55.4| model 3: 14.9| model 4: 0.0| 
                                                           dL:    0.11
                                                           dm:    0.04
                                                           dx:    0.01
                                                          Converged :]
